Git
Microsoft OneDrive
Microsoft Office Professional Plus 2019 - en-us
Microsoft Visual C++ 2019 X64 Minimum Runtime - 14.29.30156
Python 3.11.9 pip Bootstrap (64-bit)
Microsoft Update Health Tools
Python 3.11.9 Utility Scripts (64-bit)
Python 3.11.9 Documentation (64-bit)
Python 3.11.9 Tcl/Tk Support (64-bit)
Office 16 Click-to-Run Licensing Component
Office 16 Click-to-Run Extensibility Component
Python 3.11.9 Standard Library (64-bit)
Python 3.11.9 Test Suite (64-bit)
Python 3.11.9 Core Interpreter (64-bit)
Python 3.11.9 Executables (64-bit)
Python 3.11.9 Add to Path (64-bit)
Microsoft Visual C++ 2019 X64 Additional Runtime - 14.29.30156
Python 3.11.9 Development Libraries (64-bit)
Update for x64-based Windows Systems (KB5001716)
Google Chrome
Microsoft Edge
Microsoft Edge WebView2 Runtime
Qt Designer
Microsoft Visual C++ 2015-2019 Redistributable (x64) - 14.29.30156
Python Launcher
Discord
GitHub Desktop
Opera Stable 114.0.5282.185
Rustup: the Rust toolchain installer
Zoom Workplace
Python 3.11.9 (64-bit)
Microsoft Visual Studio Code (User)
